<?xml version="1.0" encoding="utf-8"?><testsuites><testsuite errors="0" failures="0" hostname="DESKTOP-VBIG1AP" name="pytest" skipped="0" tests="4" time="21.853" timestamp="2020-03-30T16:20:54.194708"><testcase classname="test_dir.test_baidu.TestSearch" file="test_dir\test_baidu.py" line="17" name="test_baidu_search_case" time="11.927"></testcase><testcase classname="test_dir.test_baidu.TestSearchSettings" file="test_dir\test_baidu.py" line="38" name="test_baidu_search_setting" time="2.462"></testcase><testcase classname="test_dir.test_parametrize" file="test_dir\test_parametrize.py" line="47" name="test_baidu_search[1-Selenium]" time="2.475"></testcase><testcase classname="test_dir.test_parametrize" file="test_dir\test_parametrize.py" line="47" name="test_baidu_search[2-poium]" time="4.860"></testcase></testsuite></testsuites>